<?xml version="1.0" encoding="UTF-8"?>
<!-- Generated by org.testng.reporters.JUnitReportReporter -->
<testsuite skipped="0" hostname="dcw24011" name="tests.AdminLoginTest" tests="3" failures="0" timestamp="22 May 2018 10:10:35 GMT" time="11.961" errors="0">
  <testcase name="invalidLoginTest_InvalidUserNameInvalidPassword" time="8.028" classname="tests.AdminLoginTest"/>
  <testcase name="invalidLoginTest_EmptyUserEmptyPassword" time="0.749" classname="tests.AdminLoginTest"/>
  <testcase name="validLoginTest_EmptyUserEmptyPassword" time="3.184" classname="tests.AdminLoginTest"/>
</testsuite> <!-- tests.AdminLoginTest -->
